info it worked if it ends with ok
verbose cli [ 'node',
verbose cli   '/usr/local/bin/npm',
verbose cli   'install',
verbose cli   'socket.io-sessions' ]
info using npm@1.0.6
info using node@v0.4.7
verbose config file /home/trang/.npmrc
verbose config file /usr/local/etc/npmrc
silly testEngine { name: 'application-name',
silly testEngine   version: '0.0.1',
silly testEngine   private: true,
silly testEngine   dependencies: { express: '2.4.3', jade: '>= 0.0.1' },
silly testEngine   devDependencies: {},
silly testEngine   _id: 'application-name@0.0.1',
silly testEngine   engines: { node: '*' },
silly testEngine   _engineSupported: true,
silly testEngine   _npmVersion: '1.0.6',
silly testEngine   _nodeVersion: 'v0.4.7',
silly testEngine   _defaultsLoaded: true }
verbose caching /mnt/hgfs/Projects/RAPP/HackDay2011/package.json
verbose loadDefaults application-name@0.0.1
silly testEngine { name: 'jade',
silly testEngine   description: 'Jade template engine',
silly testEngine   version: '0.13.0',
silly testEngine   author: 
silly testEngine    { name: 'TJ Holowaychuk',
silly testEngine      email: 'tj@vision-media.ca' },
silly testEngine   repository: 
silly testEngine    { type: 'git',
silly testEngine      url: 'git://github.com/visionmedia/jade.git' },
silly testEngine   main: './index.js',
silly testEngine   bin: { jade: './bin/jade' },
silly testEngine   devDependencies: 
silly testEngine    { expresso: '0.6.4',
silly testEngine      'coffee-script': '>= 0.0.1',
silly testEngine      sass: '>= 0.0.1',
silly testEngine      less: '>= 0.0.1',
silly testEngine      markdown: '>= 0.0.1',
silly testEngine      stylus: '>= 0.0.1' },
silly testEngine   scripts: { prepublish: 'npm prune' },
silly testEngine   engines: { node: '>= 0.1.98' },
silly testEngine   dependencies: {},
silly testEngine   _id: 'jade@0.13.0',
silly testEngine   _engineSupported: true,
silly testEngine   _npmVersion: '1.0.6',
silly testEngine   _nodeVersion: 'v0.4.7',
silly testEngine   _defaultsLoaded: true }
verbose caching /mnt/hgfs/Projects/RAPP/HackDay2011/node_modules/jade/package.json
verbose loadDefaults jade@0.13.0
silly testEngine { name: 'jqtpl',
silly testEngine   description: 'A port of jQuery\'s template engine',
silly testEngine   version: '1.0.5',
silly testEngine   author: 
silly testEngine    { name: 'Oleg Slobodskoi',
silly testEngine      email: 'oleg008@gmail.com' },
silly testEngine   contributors: 
silly testEngine    [ { name: 'John Resig', email: 'jeresig@gmail.com' },
silly testEngine      { name: 'Boris Moore', email: 'borismoore@gmail.com' } ],
silly testEngine   repository: 
silly testEngine    { type: 'git',
silly testEngine      url: 'git://github.com/kof/node-jqtpl.git' },
silly testEngine   keywords: 
silly testEngine    [ 'template',
silly testEngine      'engine',
silly testEngine      'jquery',
silly testEngine      'jquery-tmpl',
silly testEngine      'django',
silly testEngine      'logicless',
silly testEngine      'express' ],
silly testEngine   directories: { lib: './lib' },
silly testEngine   engines: { node: '>= 0.3.7' },
silly testEngine   devDependencies: { express: '>= 2.2.1 < 3.0.0', qunit: '>= 0.1.3' },
silly testEngine   licenses: 
silly testEngine    [ { type: 'MIT',
silly testEngine        url: 'http://www.opensource.org/licenses/mit-license.php' } ],
silly testEngine   dependencies: {},
silly testEngine   _id: 'jqtpl@1.0.5',
silly testEngine   _engineSupported: true,
silly testEngine   _npmVersion: '1.0.6',
silly testEngine   _nodeVersion: 'v0.4.7',
silly testEngine   _defaultsLoaded: true }
verbose caching /mnt/hgfs/Projects/RAPP/HackDay2011/node_modules/jqtpl/package.json
verbose loadDefaults jqtpl@1.0.5
silly testEngine { name: 'express',
silly testEngine   description: 'Sinatra inspired web development framework',
silly testEngine   version: '2.4.3',
silly testEngine   author: 
silly testEngine    { name: 'TJ Holowaychuk',
silly testEngine      email: 'tj@vision-media.ca' },
silly testEngine   contributors: 
silly testEngine    [ { name: 'TJ Holowaychuk',
silly testEngine        email: 'tj@vision-media.ca' },
silly testEngine      { name: 'Aaron Heckmann',
silly testEngine        email: 'aaron.heckmann+github@gmail.com' },
silly testEngine      { name: 'Ciaran Jessup', email: 'ciaranj@gmail.com' },
silly testEngine      { name: 'Guillermo Rauch', email: 'rauchg@gmail.com' } ],
silly testEngine   dependencies: 
silly testEngine    { connect: '>= 1.5.2 < 2.0.0',
silly testEngine      mime: '>= 0.0.1',
silly testEngine      qs: '>= 0.0.6' },
silly testEngine   devDependencies: 
silly testEngine    { 'connect-form': '0.2.1',
silly testEngine      ejs: '0.4.2',
silly testEngine      expresso: '0.7.2',
silly testEngine      hamljs: '0.5.1',
silly testEngine      jade: '0.11.0',
silly testEngine      stylus: '0.13.0',
silly testEngine      should: '0.2.1',
silly testEngine      'express-messages': '0.0.2',
silly testEngine      'node-markdown': '>= 0.0.1',
silly testEngine      'connect-redis': '>= 0.0.1' },
silly testEngine   keywords: [ 'framework', 'sinatra', 'web', 'rest', 'restful' ],
silly testEngine   repository: 
silly testEngine    { type: 'git',
silly testEngine      url: 'git://github.com/visionmedia/express.git' },
silly testEngine   main: 'index',
silly testEngine   bin: { express: './bin/express' },
silly testEngine   scripts: { test: 'make test', prepublish: 'npm prune' },
silly testEngine   engines: { node: '>= 0.4.1 < 0.5.0' },
silly testEngine   _id: 'express@2.4.3',
silly testEngine   _engineSupported: true,
silly testEngine   _npmVersion: '1.0.6',
silly testEngine   _nodeVersion: 'v0.4.7',
silly testEngine   _defaultsLoaded: true }
verbose caching /mnt/hgfs/Projects/RAPP/HackDay2011/node_modules/express/package.json
verbose loadDefaults express@2.4.3
silly testEngine { name: 'socket.io',
silly testEngine   version: '0.7.7',
silly testEngine   description: 'Real-time apps made cross-browser & easy with a WebSocket-like API',
silly testEngine   homepage: 'http://socket.io',
silly testEngine   keywords: 
silly testEngine    [ 'websocket',
silly testEngine      'socket',
silly testEngine      'realtime',
silly testEngine      'socket.io',
silly testEngine      'comet',
silly testEngine      'ajax' ],
silly testEngine   author: 
silly testEngine    { name: 'Guillermo Rauch',
silly testEngine      email: 'guillermo@learnboost.com' },
silly testEngine   contributors: 
silly testEngine    [ { name: 'Guillermo Rauch', email: 'rauchg@gmail.com' },
silly testEngine      { name: 'Arnout Kazemier',
silly testEngine        email: 'info@3rd-eden.com' },
silly testEngine      { name: 'Vladimir Dronnikov',
silly testEngine        email: 'dronnikov@gmail.com' } ],
silly testEngine   repository: 
silly testEngine    { type: 'git',
silly testEngine      url: 'git://github.com/LearnBoost/Socket.IO-node.git' },
silly testEngine   dependencies: 
silly testEngine    { 'socket.io-client': '0.7.4',
silly testEngine      policyfile: '0.0.3',
silly testEngine      redis: '0.6.0' },
silly testEngine   devDependencies: { expresso: '0.7.7', should: '0.0.4' },
silly testEngine   main: 'index',
silly testEngine   engines: { node: '>= 0.4.0' },
silly testEngine   _id: 'socket.io@0.7.7',
silly testEngine   _engineSupported: true,
silly testEngine   _npmVersion: '1.0.6',
silly testEngine   _nodeVersion: 'v0.4.7',
silly testEngine   _defaultsLoaded: true }
verbose caching /mnt/hgfs/Projects/RAPP/HackDay2011/node_modules/socket.io/package.json
verbose loadDefaults socket.io@0.7.7
verbose from cache /mnt/hgfs/Projects/RAPP/HackDay2011/package.json
verbose into /mnt/hgfs/Projects/RAPP/HackDay2011 [ 'socket.io-sessions' ]
verbose cache add [ 'socket.io-sessions', null ]
info addNamed [ 'socket.io-sessions', '' ]
verbose addNamed [ null, '' ]
verbose GET socket.io-sessions
verbose raw, before any munging socket.io-sessions
verbose url resolving [ 'http://registry.npmjs.org/',
verbose url resolving   './socket.io-sessions' ]
verbose url resolved http://registry.npmjs.org/socket.io-sessions
verbose url parsed { protocol: 'http:',
verbose url parsed   slashes: true,
verbose url parsed   host: 'registry.npmjs.org',
verbose url parsed   hostname: 'registry.npmjs.org',
verbose url parsed   href: 'http://registry.npmjs.org/socket.io-sessions',
verbose url parsed   pathname: '/socket.io-sessions' }
verbose response http://registry.npmjs.org/socket.io-sessions
silly chunk {"_id":"socket.io-sessions","_rev":"11-2151ee14eb29543811a9e567bcf6811a","name":"socket.io-sessions","description":"Use your sessions from Connect, Express and others with Socket.IO","dist-tags":{"latest":"0.6.1"},"versions":{"0.4.1":{"name":"socket.io-sessions","description":"Use your sessions from Connect, Express and others with Socket.IO","url":"http://github.com/aviddiviner/Socket.IO-sessions","keywords":["connect","express","socket.io","session","sessions"],"author":{"name":"David Irvine","email":"aviddiviner@gmail.com"},"contributors":[],"licenses":["MIT"],"dependencies":{},"main":"./index","version":"0.4.1","repository":{"type":"git","url":"git://github.com/aviddiviner/Socket.IO-sessions.git"},"engines":{"node":">= 0.4.1"},"devDependencies":{},"_id":"socket.io-sessions@0.4.1","_engineSupported":true,"_npmVersion":"1.0.6","_nodeVersion":"v0.4.5","_defaultsLoaded":true,"dist":{"shasum":"3882db7b486f00209307f57297860e9d7895dcc3","tarball":"http://registry.npmjs.org/socket.io-sessions/-/socket.io-sessions-0.4.1.tgz"},"scripts":{},"directories":{}},"0.5.4":{"name":"socket.io-sessions","description":"Use your sessions from Connect, Express and others with Socket.IO","url":"http://github.com/aviddiviner/Socket.IO-sessions","keywords":["connect","express","socket.io","session","sessions"],"author":{"name":"David Irvine","email":"aviddiviner@gmail
silly chunk .com"},"contributors":[],"licenses":["MIT"],"dependencies":{},"main":"./index","version":"0.5.4","repository":{"type":"git","url":"git://github.com/aviddiviner/Socket.IO-sessions.git"},"engines":{"node":">= 0.4.1"},"devDependencies":{},"_id":"socket.io-sessions@0.5.4","_engineSupported":true,"_npmVersion":"1.0.6","_nodeVersion":"v0.4.5","_defaultsLoaded":true,"dist":{"shasum":"aa828baad21d5cb2a405ebb81bea6279cee45823","tarball":"http://registry.npmjs.org/socket.io-sessions/-/socket.io-sessions-0.5.4.tgz"},"scripts":{},"directories":{}},"0.5.5":{"name":"socket.io-sessions","description":"Use your sessions from Connect, Express and others with Socket.IO","url":"http://github.com/aviddiviner/Socket.IO-sessions","keywords":["connect","express","socket.io","session","sessions"],"author":{"name":"David Irvine","email":"aviddiviner@gmail.com"},"contributors":[],"licenses":["MIT"],"dependencies":{},"main":"./index","version":"0.5.5","repository":{"type":"git","url":"git://github.com/aviddiviner/Socket.IO-sessions.git"},"engines":{"node":">= 0.4.1"},"devDependencies":{},"_id":"socket.io-sessions@0.5.5","_engineSupported":true,"_npmVersion":"1.0.6","_nodeVersion":"v0.4.5","_defaultsLoaded":true,"dist":{"shasum":"efcfb41517b638a51d2afd59fce0f86ab357e7a0","tarball":"http://registry.npmjs.org/socket.io-sessions/-/socket.io-sessions-0.5.5.tgz"},"scripts":{},"d
silly chunk irectories":{}},"0.6.0":{"name":"socket.io-sessions","description":"Use your sessions from Connect, Express and others with Socket.IO","url":"http://github.com/aviddiviner/Socket.IO-sessions","keywords":["connect","express","socket.io","session","sessions"],"author":{"name":"David Irvine","email":"aviddiviner@gmail.com"},"contributors":[],"licenses":["MIT"],"dependencies":{},"main":"./index","version":"0.6.0","repository":{"type":"git","url":"git://github.com/aviddiviner/Socket.IO-sessions.git"},"engines":{"node":">= 0.4.1"},"devDependencies":{},"_id":"socket.io-sessions@0.6.0","_engineSupported":true,"_npmVersion":"1.0.6","_nodeVersion":"v0.4.5","_defaultsLoaded":true,"dist":{"shasum":"34763d2059bb30926f57f7063f22ccdb51f98098","tarball":"http://registry.npmjs.org/socket.io-sessions/-/socket.io-sessions-0.6.0.tgz"},"scripts":{},"directories":{}},"0.6.1":{"name":"socket.io-sessions","description":"Use your sessions from Connect, Express and others with Socket.IO","url":"http://github.com/aviddiviner/Socket.IO-sessions","keywords":["connect","express","socket.io","session","sessions"],"author":{"name":"David Irvine","email":"aviddiviner@gmail.com"},"contributors":[],"licenses":["MIT"],"dependencies":{},"main":"./index","version":"0.6.1","repository":{"type":"git","url":"git://github.com/aviddiviner/Socket.IO-sessions.git"},"engines":{"node":">= 0.4
silly chunk .1"},"devDependencies":{},"_id":"socket.io-sessions@0.6.1","_engineSupported":true,"_npmVersion":"1.0.6","_nodeVersion":"v0.4.5","_defaultsLoaded":true,"dist":{"shasum":"2cb30b2cb1e20ddbbd0ee72c29a7ac523d7b2d9e","tarball":"http://registry.npmjs.org/socket.io-sessions/-/socket.io-sessions-0.6.1.tgz"},"scripts":{},"directories":{}}},"maintainers":[{"name":"aviddiviner","email":"aviddiviner@gmail.com"}],"time":{"0.4.1":"2011-06-07T20:48:29.771Z","0.5.4":"2011-06-10T00:12:05.153Z","0.5.5":"2011-06-10T00:39:47.653Z","0.6.0":"2011-06-24T00:08:59.134Z","0.6.1":"2011-06-24T20:23:34.674Z"},"author":{"name":"David Irvine","email":"aviddiviner@gmail.com"},"repository":{"type":"git","url":"git://github.com/aviddiviner/Socket.IO-sessions.git"}}
silly get cb [ 200,
silly get cb   { vary: 'Accept',
silly get cb     server: 'CouchDB/1.1.0 (Erlang OTP/R14B03)',
silly get cb     etag: '"6NCP7DKQLUYTLZEKXLLQ4G7TI"',
silly get cb     date: 'Sat, 23 Jul 2011 23:00:13 GMT',
silly get cb     'content-type': 'application/json',
silly get cb     'content-length': '4845' } ]
verbose mkdir done: /home/trang/.npm/socket.io-sessions 755
verbose GET socket.io-sessions/0.6.1
verbose raw, before any munging socket.io-sessions/0.6.1
verbose url resolving [ 'http://registry.npmjs.org/',
verbose url resolving   './socket.io-sessions/0.6.1' ]
verbose url resolved http://registry.npmjs.org/socket.io-sessions/0.6.1
verbose url parsed { protocol: 'http:',
verbose url parsed   slashes: true,
verbose url parsed   host: 'registry.npmjs.org',
verbose url parsed   hostname: 'registry.npmjs.org',
verbose url parsed   href: 'http://registry.npmjs.org/socket.io-sessions/0.6.1',
verbose url parsed   pathname: '/socket.io-sessions/0.6.1' }
verbose response http://registry.npmjs.org/socket.io-sessions/0.6.1
silly chunk {"name":"socket.io-sessions","description":"Use your sessions from Connect, Express and others with Socket.IO","url":"http://github.com/aviddiviner/Socket.IO-sessions","keywords":["connect","express","socket.io","session","sessions"],"author":{"name":"David Irvine","email":"aviddiviner@gmail.com"},"contributors":[],"licenses":["MIT"],"dependencies":{},"main":"./index","version":"0.6.1","repository":{"type":"git","url":"git://github.com/aviddiviner/Socket.IO-sessions.git"},"engines":{"node":">= 0.4.1"},"devDependencies":{},"_id":"socket.io-sessions@0.6.1","_engineSupported":true,"_npmVersion":"1.0.6","_nodeVersion":"v0.4.5","_defaultsLoaded":true,"dist":{"shasum":"2cb30b2cb1e20ddbbd0ee72c29a7ac523d7b2d9e","tarball":"http://registry.npmjs.org/socket.io-sessions/-/socket.io-sessions-0.6.1.tgz"},"scripts":{},"directories":{}}
silly get cb [ 200,
silly get cb   { vary: 'Accept',
silly get cb     server: 'CouchDB/1.1.0 (Erlang OTP/R14B03)',
silly get cb     etag: '"6NCP7DKQLUYTLZEKXLLQ4G7TI"',
silly get cb     date: 'Sat, 23 Jul 2011 23:00:13 GMT',
silly get cb     'content-type': 'application/json',
silly get cb     'content-length': '833' } ]
verbose mkdir done: /home/trang/.npm/socket.io-sessions/0.6.1 755
verbose bin dist [ '0.4-ares1.7.4-ev4.4-openssl0.9.8o-v83.1.8.10-linux-2.6.35-28-generic',
verbose bin dist   { shasum: '2cb30b2cb1e20ddbbd0ee72c29a7ac523d7b2d9e',
verbose bin dist     tarball: 'http://registry.npmjs.org/socket.io-sessions/-/socket.io-sessions-0.6.1.tgz' } ]
verbose addRemoteTarball [ 'http://registry.npmjs.org/socket.io-sessions/-/socket.io-sessions-0.6.1.tgz',
verbose addRemoteTarball   '2cb30b2cb1e20ddbbd0ee72c29a7ac523d7b2d9e' ]
verbose mkdir done: /tmp/npm-1311461413273/1311461413273-0.38575952453538775 755
info fetch http://registry.npmjs.org/socket.io-sessions/-/socket.io-sessions-0.6.1.tgz
verbose fetch to /tmp/npm-1311461413273/1311461413273-0.38575952453538775/tmp.tgz
silly updated sha bytes 6400
info shasum 2cb30b2cb1e20ddbbd0ee72c29a7ac523d7b2d9e
info shasum /tmp/npm-1311461413273/1311461413273-0.38575952453538775/tmp.tgz
verbose mkdir done: /tmp/npm-1311461413273/1311461413273-0.38575952453538775/contents/___package.npm 755
verbose unpack_ uid, gid [ undefined, undefined ]
verbose unpackTarget /tmp/npm-1311461413273/1311461413273-0.38575952453538775/contents/package
silly gunzTarPerm modes [ '755', '644' ]
verbose success gzip "--decompress" "--stdout" "/tmp/npm-1311461413273/1311461413273-0.38575952453538775/tmp.tgz"
verbose success tar "-mvxpf" "-" "--no-same-owner" "-C" "/tmp/npm-1311461413273/1311461413273-0.38575952453538775/contents/___package.npm"
silly asyncMap in gTP /tmp/npm-1311461413273/1311461413273-0.38575952453538775/contents/___package.npm/package/
silly asyncMap in gTP /tmp/npm-1311461413273/1311461413273-0.38575952453538775/contents/___package.npm/package/index.js
silly asyncMap in gTP /tmp/npm-1311461413273/1311461413273-0.38575952453538775/contents/___package.npm/package/LICENSE
silly asyncMap in gTP /tmp/npm-1311461413273/1311461413273-0.38575952453538775/contents/___package.npm/package/package.json
silly asyncMap in gTP /tmp/npm-1311461413273/1311461413273-0.38575952453538775/contents/___package.npm/package/client.js
silly asyncMap in gTP /tmp/npm-1311461413273/1311461413273-0.38575952453538775/contents/___package.npm/package/.gitignore
silly asyncMap in gTP /tmp/npm-1311461413273/1311461413273-0.38575952453538775/contents/___package.npm/package/README.md
silly asyncMap in gTP /tmp/npm-1311461413273/1311461413273-0.38575952453538775/contents/___package.npm/package/example/
silly asyncMap in gTP /tmp/npm-1311461413273/1311461413273-0.38575952453538775/contents/___package.npm/package/example/ping.html
silly asyncMap in gTP /tmp/npm-1311461413273/1311461413273-0.38575952453538775/contents/___package.npm/package/example/app.js
verbose gunzed /tmp/npm-1311461413273/1311461413273-0.38575952453538775/contents/___package.npm/package
verbose rm'ed /tmp/npm-1311461413273/1311461413273-0.38575952453538775/contents/package
verbose renamed [ '/tmp/npm-1311461413273/1311461413273-0.38575952453538775/contents/___package.npm/package',
verbose renamed   '/tmp/npm-1311461413273/1311461413273-0.38575952453538775/contents/package' ]
silly testEngine { name: 'socket.io-sessions',
silly testEngine   description: 'Use your sessions from Connect, Express and others with Socket.IO',
silly testEngine   url: 'http://github.com/aviddiviner/Socket.IO-sessions',
silly testEngine   keywords: 
silly testEngine    [ 'connect',
silly testEngine      'express',
silly testEngine      'socket.io',
silly testEngine      'session',
silly testEngine      'sessions' ],
silly testEngine   author: 
silly testEngine    { name: 'David Irvine',
silly testEngine      email: 'aviddiviner@gmail.com' },
silly testEngine   contributors: [],
silly testEngine   licenses: [ 'MIT' ],
silly testEngine   dependencies: {},
silly testEngine   main: './index',
silly testEngine   version: '0.6.1',
silly testEngine   repository: 
silly testEngine    { type: 'git',
silly testEngine      url: 'git://github.com/aviddiviner/Socket.IO-sessions.git' },
silly testEngine   engines: { node: '>= 0.4.1' },
silly testEngine   devDependencies: {},
silly testEngine   _id: 'socket.io-sessions@0.6.1',
silly testEngine   _engineSupported: true,
silly testEngine   _npmVersion: '1.0.6',
silly testEngine   _nodeVersion: 'v0.4.7',
silly testEngine   _defaultsLoaded: true,
silly testEngine   path: '/tmp/npm-1311461413273/1311461413273-0.38575952453538775/contents/package' }
verbose caching /tmp/npm-1311461413273/1311461413273-0.38575952453538775/contents/package/package.json
verbose loadDefaults socket.io-sessions@0.6.1
verbose tarball contents [ 'package' ]
verbose from cache /tmp/npm-1311461413273/1311461413273-0.38575952453538775/contents/package/package.json
verbose pack /tmp/npm-1311461413273/1311461413273-0.38575952453538775/contents/package /home/trang/.npm/socket.io-sessions/0.6.1/package.tgz
verbose from cache /tmp/npm-1311461413273/1311461413273-0.38575952453538775/contents/package/package.json
verbose mkdir'ed /home/trang/.npm/socket.io-sessions/0.6.1
verbose tar about to write tar and gzip it.
silly tar args [ '-cvf',
silly tar args   '-',
silly tar args   'package/LICENSE',
silly tar args   'package/index.js',
silly tar args   'package/package.json',
silly tar args   'package/client.js',
silly tar args   'package/.gitignore',
silly tar args   'package/README.md',
silly tar args   'package/example/ping.html',
silly tar args   'package/example/app.js' ]
verbose success tar -cvf - <file list elided>
verbose success gzip "--stdout"
verbose mkdir done: /home/trang/.npm/socket.io-sessions/0.6.1/___package.npm 755
verbose unpack_ uid, gid [ undefined, undefined ]
verbose unpackTarget /home/trang/.npm/socket.io-sessions/0.6.1/package
silly gunzTarPerm modes [ '755', '644' ]
verbose success gzip "--decompress" "--stdout" "/home/trang/.npm/socket.io-sessions/0.6.1/package.tgz"
verbose success tar "-mvxpf" "-" "--no-same-owner" "-C" "/home/trang/.npm/socket.io-sessions/0.6.1/___package.npm"
silly asyncMap in gTP /home/trang/.npm/socket.io-sessions/0.6.1/___package.npm/package/
silly asyncMap in gTP /home/trang/.npm/socket.io-sessions/0.6.1/___package.npm/package/index.js
silly asyncMap in gTP /home/trang/.npm/socket.io-sessions/0.6.1/___package.npm/package/LICENSE
silly asyncMap in gTP /home/trang/.npm/socket.io-sessions/0.6.1/___package.npm/package/package.json
silly asyncMap in gTP /home/trang/.npm/socket.io-sessions/0.6.1/___package.npm/package/client.js
silly asyncMap in gTP /home/trang/.npm/socket.io-sessions/0.6.1/___package.npm/package/.gitignore
silly asyncMap in gTP /home/trang/.npm/socket.io-sessions/0.6.1/___package.npm/package/README.md
silly asyncMap in gTP /home/trang/.npm/socket.io-sessions/0.6.1/___package.npm/package/example/
silly asyncMap in gTP /home/trang/.npm/socket.io-sessions/0.6.1/___package.npm/package/example/ping.html
silly asyncMap in gTP /home/trang/.npm/socket.io-sessions/0.6.1/___package.npm/package/example/app.js
verbose gunzed /home/trang/.npm/socket.io-sessions/0.6.1/___package.npm/package
verbose rm'ed /home/trang/.npm/socket.io-sessions/0.6.1/package
verbose renamed [ '/home/trang/.npm/socket.io-sessions/0.6.1/___package.npm/package',
verbose renamed   '/home/trang/.npm/socket.io-sessions/0.6.1/package' ]
silly testEngine { name: 'socket.io-sessions',
silly testEngine   description: 'Use your sessions from Connect, Express and others with Socket.IO',
silly testEngine   url: 'http://github.com/aviddiviner/Socket.IO-sessions',
silly testEngine   keywords: 
silly testEngine    [ 'connect',
silly testEngine      'express',
silly testEngine      'socket.io',
silly testEngine      'session',
silly testEngine      'sessions' ],
silly testEngine   author: 
silly testEngine    { name: 'David Irvine',
silly testEngine      email: 'aviddiviner@gmail.com' },
silly testEngine   contributors: [],
silly testEngine   licenses: [ 'MIT' ],
silly testEngine   dependencies: {},
silly testEngine   main: './index',
silly testEngine   version: '0.6.1',
silly testEngine   repository: 
silly testEngine    { type: 'git',
silly testEngine      url: 'git://github.com/aviddiviner/Socket.IO-sessions.git' },
silly testEngine   engines: { node: '>= 0.4.1' },
silly testEngine   devDependencies: {},
silly testEngine   _id: 'socket.io-sessions@0.6.1',
silly testEngine   _engineSupported: true,
silly testEngine   _npmVersion: '1.0.6',
silly testEngine   _nodeVersion: 'v0.4.7',
silly testEngine   _defaultsLoaded: true,
silly testEngine   dist: { shasum: '165c77e86333dd875f4276308bd8bf06bec8e921' } }
verbose caching /home/trang/.npm/socket.io-sessions/0.6.1/package/package.json
verbose loadDefaults socket.io-sessions@0.6.1
silly updated sha bytes 6401
info shasum 165c77e86333dd875f4276308bd8bf06bec8e921
info shasum /home/trang/.npm/socket.io-sessions/0.6.1/package.tgz
verbose from cache /home/trang/.npm/socket.io-sessions/0.6.1/package/package.json
verbose chmod /home/trang/.npm/socket.io-sessions/0.6.1/package.json 644
verbose chmod /home/trang/.npm/socket.io-sessions/0.6.1/package.tgz 644
silly resolved [ { name: 'socket.io-sessions',
silly resolved     description: 'Use your sessions from Connect, Express and others with Socket.IO',
silly resolved     url: 'http://github.com/aviddiviner/Socket.IO-sessions',
silly resolved     keywords: 
silly resolved      [ 'connect',
silly resolved        'express',
silly resolved        'socket.io',
silly resolved        'session',
silly resolved        'sessions' ],
silly resolved     author: 
silly resolved      { name: 'David Irvine',
silly resolved        email: 'aviddiviner@gmail.com' },
silly resolved     contributors: [],
silly resolved     licenses: [ 'MIT' ],
silly resolved     dependencies: {},
silly resolved     main: './index',
silly resolved     version: '0.6.1',
silly resolved     repository: 
silly resolved      { type: 'git',
silly resolved        url: 'git://github.com/aviddiviner/Socket.IO-sessions.git' },
silly resolved     engines: { node: '>= 0.4.1' },
silly resolved     devDependencies: {},
silly resolved     _id: 'socket.io-sessions@0.6.1',
silly resolved     _engineSupported: true,
silly resolved     _npmVersion: '1.0.6',
silly resolved     _nodeVersion: 'v0.4.7',
silly resolved     _defaultsLoaded: true,
silly resolved     dist: { shasum: '165c77e86333dd875f4276308bd8bf06bec8e921' } } ]
info into /mnt/hgfs/Projects/RAPP/HackDay2011 socket.io-sessions@0.6.1
info installOne socket.io-sessions@0.6.1
info unbuild /mnt/hgfs/Projects/RAPP/HackDay2011/node_modules/socket.io-sessions
silly testEngine { name: 'socket.io-sessions',
silly testEngine   description: 'Use your sessions from Connect, Express and others with Socket.IO',
silly testEngine   url: 'http://github.com/aviddiviner/Socket.IO-sessions',
silly testEngine   keywords: 
silly testEngine    [ 'connect',
silly testEngine      'express',
silly testEngine      'socket.io',
silly testEngine      'session',
silly testEngine      'sessions' ],
silly testEngine   author: 
silly testEngine    { name: 'David Irvine',
silly testEngine      email: 'aviddiviner@gmail.com' },
silly testEngine   contributors: [],
silly testEngine   licenses: [ 'MIT' ],
silly testEngine   dependencies: {},
silly testEngine   main: './index',
silly testEngine   version: '0.6.1',
silly testEngine   repository: 
silly testEngine    { type: 'git',
silly testEngine      url: 'git://github.com/aviddiviner/Socket.IO-sessions.git' },
silly testEngine   engines: { node: '>= 0.4.1' },
silly testEngine   devDependencies: {},
silly testEngine   _id: 'socket.io-sessions@0.6.1',
silly testEngine   _engineSupported: true,
silly testEngine   _npmVersion: '1.0.6',
silly testEngine   _nodeVersion: 'v0.4.7',
silly testEngine   _defaultsLoaded: true,
silly testEngine   dist: { shasum: '165c77e86333dd875f4276308bd8bf06bec8e921' } }
verbose caching /home/trang/.npm/socket.io-sessions/0.6.1/package.json
verbose mkdir done: /mnt/hgfs/Projects/RAPP/HackDay2011/node_modules/___socket.io-sessions.npm 755
verbose unpack_ uid, gid [ undefined, undefined ]
verbose unpackTarget /mnt/hgfs/Projects/RAPP/HackDay2011/node_modules/socket.io-sessions
silly gunzTarPerm modes [ '755', '644' ]
verbose success gzip "--decompress" "--stdout" "/home/trang/.npm/socket.io-sessions/0.6.1/package.tgz"
verbose success tar "-mvxpf" "-" "--no-same-owner" "-C" "/mnt/hgfs/Projects/RAPP/HackDay2011/node_modules/___socket.io-sessions.npm"
silly asyncMap in gTP /mnt/hgfs/Projects/RAPP/HackDay2011/node_modules/___socket.io-sessions.npm/package/
silly asyncMap in gTP /mnt/hgfs/Projects/RAPP/HackDay2011/node_modules/___socket.io-sessions.npm/package/.gitignore
silly asyncMap in gTP /mnt/hgfs/Projects/RAPP/HackDay2011/node_modules/___socket.io-sessions.npm/package/client.js
silly asyncMap in gTP /mnt/hgfs/Projects/RAPP/HackDay2011/node_modules/___socket.io-sessions.npm/package/index.js
silly asyncMap in gTP /mnt/hgfs/Projects/RAPP/HackDay2011/node_modules/___socket.io-sessions.npm/package/LICENSE
silly asyncMap in gTP /mnt/hgfs/Projects/RAPP/HackDay2011/node_modules/___socket.io-sessions.npm/package/package.json
silly asyncMap in gTP /mnt/hgfs/Projects/RAPP/HackDay2011/node_modules/___socket.io-sessions.npm/package/README.md
silly asyncMap in gTP /mnt/hgfs/Projects/RAPP/HackDay2011/node_modules/___socket.io-sessions.npm/package/example/
silly asyncMap in gTP /mnt/hgfs/Projects/RAPP/HackDay2011/node_modules/___socket.io-sessions.npm/package/example/app.js
silly asyncMap in gTP /mnt/hgfs/Projects/RAPP/HackDay2011/node_modules/___socket.io-sessions.npm/package/example/ping.html
ERR! error installing socket.io-sessions@0.6.1 Error: EPERM, Operation not permitted '/mnt/hgfs/Projects/RAPP/HackDay2011/node_modules/___socket.io-sessions.npm/package/'
info unbuild /mnt/hgfs/Projects/RAPP/HackDay2011/node_modules/socket.io-sessions
verbose installOne cb socket.io-sessions@0.6.1
ERR! Error: EPERM, Operation not permitted '/mnt/hgfs/Projects/RAPP/HackDay2011/node_modules/___socket.io-sessions.npm/package/'
ERR! 
ERR! Please use 'sudo' or log in as root to run this command.
ERR!     sudo npm "install" "socket.io-sessions"
ERR! or set the 'unsafe-perm' config var to true.
ERR!     npm config set unsafe-perm true
ERR! 
ERR! System Linux 2.6.35-28-generic
ERR! command "node" "/usr/local/bin/npm" "install" "socket.io-sessions"
verbose exit [ 1, true ]
